  Main.cpp
C:\Users\fruit\Documents\MEGA\College\Fall 2020\GAME 140\SDL_Game\SDL_Game\Draw.h(129,22): warning C4244: '=': conversion from 'float' to 'UINT', possible loss of data
C:\Users\fruit\Documents\MEGA\College\Fall 2020\GAME 140\SDL_Game\SDL_Game\Draw.h(130,22): warning C4244: '=': conversion from 'float' to 'UINT', possible loss of data
C:\Users\fruit\Documents\MEGA\College\Fall 2020\GAME 140\SDL_Game\SDL_Game\Draw.h(139,12): warning C4018: '<': signed/unsigned mismatch
C:\Users\fruit\Documents\MEGA\College\Fall 2020\GAME 140\SDL_Game\SDL_Game\Draw.h(140,18): warning C4018: '<': signed/unsigned mismatch
C:\Users\fruit\Documents\MEGA\College\Fall 2020\GAME 140\SDL_Game\SDL_Game\Draw.h(142,29): warning C4838: conversion from 'UINT' to 'int' requires a narrowing conversion
C:\Users\fruit\Documents\MEGA\College\Fall 2020\GAME 140\SDL_Game\SDL_Game\Draw.h(142,42): warning C4838: conversion from 'UINT' to 'int' requires a narrowing conversion
C:\Users\fruit\Documents\MEGA\College\Fall 2020\GAME 140\SDL_Game\SDL_Game\Draw.h(149,44): warning C4838: conversion from 'UINT' to 'int' requires a narrowing conversion
C:\Users\fruit\Documents\MEGA\College\Fall 2020\GAME 140\SDL_Game\SDL_Game\Draw.h(149,74): warning C4838: conversion from 'UINT' to 'int' requires a narrowing conversion
C:\Users\fruit\Documents\MEGA\College\Fall 2020\GAME 140\SDL_Game\SDL_Game\Draw.h(164,20): warning C4244: 'initializing': conversion from 'double' to 'float', possible loss of data
C:\Users\fruit\Documents\MEGA\College\Fall 2020\GAME 140\SDL_Game\SDL_Game\Draw.h(166,54): warning C4838: conversion from 'UINT' to 'int' requires a narrowing conversion
C:\Users\fruit\Documents\MEGA\College\Fall 2020\GAME 140\SDL_Game\SDL_Game\Draw.h(166,89): warning C4838: conversion from 'UINT' to 'int' requires a narrowing conversion
C:\Users\fruit\Documents\MEGA\College\Fall 2020\GAME 140\SDL_Game\SDL_Game\Draw.h(173,23): warning C4244: 'initializing': conversion from 'double' to 'float', possible loss of data
C:\Users\fruit\Documents\MEGA\College\Fall 2020\GAME 140\SDL_Game\SDL_Game\Draw.h(175,62): warning C4838: conversion from 'UINT' to 'int' requires a narrowing conversion
C:\Users\fruit\Documents\MEGA\College\Fall 2020\GAME 140\SDL_Game\SDL_Game\Draw.h(175,97): warning C4838: conversion from 'UINT' to 'int' requires a narrowing conversion
C:\Users\fruit\Documents\MEGA\College\Fall 2020\GAME 140\SDL_Game\SDL_Game\Draw.h(187,44): warning C4838: conversion from 'UINT' to 'int' requires a narrowing conversion
C:\Users\fruit\Documents\MEGA\College\Fall 2020\GAME 140\SDL_Game\SDL_Game\Draw.h(187,73): warning C4838: conversion from 'UINT' to 'int' requires a narrowing conversion
C:\Users\fruit\Documents\MEGA\College\Fall 2020\GAME 140\SDL_Game\SDL_Game\Draw.h(210,40): warning C4838: conversion from 'UINT' to 'int' requires a narrowing conversion
C:\Users\fruit\Documents\MEGA\College\Fall 2020\GAME 140\SDL_Game\SDL_Game\Draw.h(210,66): warning C4838: conversion from 'UINT' to 'int' requires a narrowing conversion
C:\Users\fruit\Documents\MEGA\College\Fall 2020\GAME 140\SDL_Game\SDL_Game\Draw.h(216,40): warning C4838: conversion from 'UINT' to 'int' requires a narrowing conversion
C:\Users\fruit\Documents\MEGA\College\Fall 2020\GAME 140\SDL_Game\SDL_Game\Draw.h(216,66): warning C4838: conversion from 'UINT' to 'int' requires a narrowing conversion
C:\Users\fruit\Documents\MEGA\College\Fall 2020\GAME 140\SDL_Game\SDL_Game\Main.cpp(16,12): warning C4244: 'argument': conversion from 'time_t' to 'unsigned int', possible loss of data
C:\Users\fruit\Documents\MEGA\College\Fall 2020\GAME 140\SDL_Game\SDL_Game\Main.cpp(88,33): warning C4305: 'initializing': truncation from 'double' to 'float'
C:\Users\fruit\Documents\MEGA\College\Fall 2020\GAME 140\SDL_Game\SDL_Game\Main.cpp(199,40): warning C4305: '+=': truncation from 'double' to 'float'
C:\Users\fruit\Documents\MEGA\College\Fall 2020\GAME 140\SDL_Game\SDL_Game\Main.cpp(207,40): warning C4305: '-=': truncation from 'double' to 'float'
C:\Users\fruit\Documents\MEGA\College\Fall 2020\GAME 140\SDL_Game\SDL_Game\Main.cpp(214,40): warning C4244: '-=': conversion from 'double' to 'float', possible loss of data
C:\Users\fruit\Documents\MEGA\College\Fall 2020\GAME 140\SDL_Game\SDL_Game\Main.cpp(223,18): warning C4244: '=': conversion from 'double' to 'float', possible loss of data
C:\Users\fruit\Documents\MEGA\College\Fall 2020\GAME 140\SDL_Game\SDL_Game\Main.cpp(224,18): warning C4244: '=': conversion from 'double' to 'float', possible loss of data
C:\Users\fruit\Documents\MEGA\College\Fall 2020\GAME 140\SDL_Game\SDL_Game\Main.cpp(228,19): warning C4244: 'initializing': conversion from 'double' to 'float', possible loss of data
C:\Users\fruit\Documents\MEGA\College\Fall 2020\GAME 140\SDL_Game\SDL_Game\Main.cpp(229,19): warning C4244: 'initializing': conversion from 'double' to 'float', possible loss of data
C:\Users\fruit\Documents\MEGA\College\Fall 2020\GAME 140\SDL_Game\SDL_Game\Main.cpp(250,20): warning C4244: 'initializing': conversion from 'float' to 'int', possible loss of data
C:\Users\fruit\Documents\MEGA\College\Fall 2020\GAME 140\SDL_Game\SDL_Game\Main.cpp(251,20): warning C4244: 'initializing': conversion from 'float' to 'int', possible loss of data
C:\Users\fruit\Documents\MEGA\College\Fall 2020\GAME 140\SDL_Game\SDL_Game\Main.cpp(273,22): warning C4244: 'initializing': conversion from 'double' to 'float', possible loss of data
C:\Users\fruit\Documents\MEGA\College\Fall 2020\GAME 140\SDL_Game\SDL_Game\Main.cpp(274,22): warning C4244: 'initializing': conversion from 'double' to 'float', possible loss of data
C:\Users\fruit\Documents\MEGA\College\Fall 2020\GAME 140\SDL_Game\SDL_Game\Main.cpp(275,23): warning C4244: 'initializing': conversion from 'float' to 'int', possible loss of data
C:\Users\fruit\Documents\MEGA\College\Fall 2020\GAME 140\SDL_Game\SDL_Game\Main.cpp(276,23): warning C4244: 'initializing': conversion from 'float' to 'int', possible loss of data
C:\Users\fruit\Documents\MEGA\College\Fall 2020\GAME 140\SDL_Game\SDL_Game\Main.cpp(434,22): warning C4244: 'initializing': conversion from 'double' to 'float', possible loss of data
C:\Users\fruit\Documents\MEGA\College\Fall 2020\GAME 140\SDL_Game\SDL_Game\Main.cpp(435,22): warning C4244: 'initializing': conversion from 'double' to 'float', possible loss of data
C:\Users\fruit\Documents\MEGA\College\Fall 2020\GAME 140\SDL_Game\SDL_Game\Main.cpp(437,24): warning C4244: 'initializing': conversion from 'float' to 'int', possible loss of data
C:\Users\fruit\Documents\MEGA\College\Fall 2020\GAME 140\SDL_Game\SDL_Game\Main.cpp(438,24): warning C4244: 'initializing': conversion from 'float' to 'int', possible loss of data
C:\Users\fruit\Documents\MEGA\College\Fall 2020\GAME 140\SDL_Game\SDL_Game\Main.cpp(471,21): warning C4244: 'initializing': conversion from 'double' to 'float', possible loss of data
C:\Users\fruit\Documents\MEGA\College\Fall 2020\GAME 140\SDL_Game\SDL_Game\Main.cpp(472,21): warning C4244: 'initializing': conversion from 'double' to 'float', possible loss of data
C:\Users\fruit\Documents\MEGA\College\Fall 2020\GAME 140\SDL_Game\SDL_Game\Main.cpp(474,23): warning C4244: 'initializing': conversion from 'float' to 'int', possible loss of data
C:\Users\fruit\Documents\MEGA\College\Fall 2020\GAME 140\SDL_Game\SDL_Game\Main.cpp(475,23): warning C4244: 'initializing': conversion from 'float' to 'int', possible loss of data
C:\Users\fruit\Documents\MEGA\College\Fall 2020\GAME 140\SDL_Game\SDL_Game\Main.cpp(483,21): warning C4244: 'initializing': conversion from 'double' to 'float', possible loss of data
C:\Users\fruit\Documents\MEGA\College\Fall 2020\GAME 140\SDL_Game\SDL_Game\Main.cpp(484,21): warning C4244: 'initializing': conversion from 'double' to 'float', possible loss of data
C:\Users\fruit\Documents\MEGA\College\Fall 2020\GAME 140\SDL_Game\SDL_Game\Main.cpp(490,28): warning C4244: 'argument': conversion from 'float' to 'int', possible loss of data
C:\Users\fruit\Documents\MEGA\College\Fall 2020\GAME 140\SDL_Game\SDL_Game\Main.cpp(490,22): warning C4244: 'argument': conversion from 'float' to 'int', possible loss of data
C:\Users\fruit\Documents\MEGA\College\Fall 2020\GAME 140\SDL_Game\SDL_Game\Main.cpp(505,21): warning C4244: 'initializing': conversion from 'double' to 'float', possible loss of data
C:\Users\fruit\Documents\MEGA\College\Fall 2020\GAME 140\SDL_Game\SDL_Game\Main.cpp(506,21): warning C4244: 'initializing': conversion from 'double' to 'float', possible loss of data
C:\Users\fruit\Documents\MEGA\College\Fall 2020\GAME 140\SDL_Game\SDL_Game\Main.cpp(1047,82): warning C4244: '=': conversion from '_Rep' to 'long', possible loss of data
          with
          [
              _Rep=__int64
          ]
C:\Users\fruit\Documents\MEGA\College\Fall 2020\GAME 140\SDL_Game\SDL_Game\Main.cpp(1055,82): warning C4244: '=': conversion from '_Rep' to 'long', possible loss of data
          with
          [
              _Rep=__int64
          ]
C:\Users\fruit\Documents\MEGA\College\Fall 2020\GAME 140\SDL_Game\SDL_Game\Main.cpp(77,5): warning C4065: switch statement contains 'default' but no 'case' labels
C:\Users\fruit\Documents\MEGA\College\Fall 2020\GAME 140\SDL_Game\SDL_Game\Main.cpp(62,16): warning C4102: 'main_menu_label': unreferenced label
C:\Program Files (x86)\Microsoft Visual Studio\2019\Community\VC\Tools\MSVC\14.25.28610\include\tuple(163,47): warning C4244: 'initializing': conversion from 'const float' to '_Ty', possible loss of data
          with
          [
              _Ty=int
          ]
C:\Program Files (x86)\Microsoft Visual Studio\2019\Community\VC\Tools\MSVC\14.25.28610\include\tuple(234): message : see reference to function template instantiation 'std::_Tuple_val<_This>::_Tuple_val<const float&>(_Other)' being compiled
          with
          [
              _This=int,
              _Other=const float &
          ]
C:\Program Files (x86)\Microsoft Visual Studio\2019\Community\VC\Tools\MSVC\14.25.28610\include\tuple(234): message : see reference to function template instantiation 'std::_Tuple_val<_This>::_Tuple_val<const float&>(_Other)' being compiled
          with
          [
              _This=int,
              _Other=const float &
          ]
C:\Program Files (x86)\Microsoft Visual Studio\2019\Community\VC\Tools\MSVC\14.25.28610\include\tuple(815): message : see reference to function template instantiation 'std::tuple<int,int,int,float>::tuple<std::_Exact_args_t,const float&,const float&,const int&,const float&,0>(_Tag,_This2,const float &,const int &,const float &)' being compiled
          with
          [
              _Tag=std::_Exact_args_t,
              _This2=const float &
          ]
C:\Program Files (x86)\Microsoft Visual Studio\2019\Community\VC\Tools\MSVC\14.25.28610\include\tuple(815): message : see reference to function template instantiation 'std::tuple<int,int,int,float>::tuple<std::_Exact_args_t,const float&,const float&,const int&,const float&,0>(_Tag,_This2,const float &,const int &,const float &)' being compiled
          with
          [
              _Tag=std::_Exact_args_t,
              _This2=const float &
          ]
C:\Program Files (x86)\Microsoft Visual Studio\2019\Community\VC\Tools\MSVC\14.25.28610\include\tuple(241): message : see reference to function template instantiation 'std::tuple<int,int,int,float>::tuple<std::_Unpack_tuple_t,const _Ty&,0,1,2,3,0>(_Tag,_Tpl,std::integer_sequence<size_t,0,1,2,3>)' being compiled
          with
          [
              _Ty=std::tuple<float,float,int,float>,
              _Tag=std::_Unpack_tuple_t,
              _Tpl=const std::tuple<float,float,int,float> &
          ]
C:\Program Files (x86)\Microsoft Visual Studio\2019\Community\VC\Tools\MSVC\14.25.28610\include\tuple(241): message : see reference to function template instantiation 'std::tuple<int,int,int,float>::tuple<std::_Unpack_tuple_t,const _Ty&,0,1,2,3,0>(_Tag,_Tpl,std::integer_sequence<size_t,0,1,2,3>)' being compiled
          with
          [
              _Ty=std::tuple<float,float,int,float>,
              _Tag=std::_Unpack_tuple_t,
              _Tpl=const std::tuple<float,float,int,float> &
          ]
C:\Program Files (x86)\Microsoft Visual Studio\2019\Community\VC\Tools\MSVC\14.25.28610\include\tuple(344): message : see reference to function template instantiation 'std::tuple<int,int,int,float>::tuple<std::_Unpack_tuple_t,const std::tuple<float,float,int,float>&,0>(_Tag,_Tpl)' being compiled
          with
          [
              _Tag=std::_Unpack_tuple_t,
              _Tpl=const std::tuple<float,float,int,float> &
          ]
C:\Program Files (x86)\Microsoft Visual Studio\2019\Community\VC\Tools\MSVC\14.25.28610\include\tuple(344): message : see reference to function template instantiation 'std::tuple<int,int,int,float>::tuple<std::_Unpack_tuple_t,const std::tuple<float,float,int,float>&,0>(_Tag,_Tpl)' being compiled
          with
          [
              _Tag=std::_Unpack_tuple_t,
              _Tpl=const std::tuple<float,float,int,float> &
          ]
C:\Users\fruit\Documents\MEGA\College\Fall 2020\GAME 140\SDL_Game\SDL_Game\Draw.h(185): message : see reference to function template instantiation 'std::tuple<int,int,int,float>::tuple<float,float,int,float,0>(const std::tuple<float,float,int,float> &) noexcept' being compiled
C:\Users\fruit\Documents\MEGA\College\Fall 2020\GAME 140\SDL_Game\SDL_Game\Draw.h(185): message : see reference to function template instantiation 'std::tuple<int,int,int,float>::tuple<float,float,int,float,0>(const std::tuple<float,float,int,float> &) noexcept' being compiled
  SDL_Game.vcxproj -> C:\Users\fruit\Documents\MEGA\College\Fall 2020\GAME 140\SDL_Game\Debug\SDL_Game.exe
  0 File(s) copied
